Determining if the pthread_create exist failed with the following output:
Change Dir: /users/student/mr108/ccchang19/tvm-yolov3/build/CMakeFiles/CMakeTmp

Run Build Command:"/usr/bin/make" "cmTC_f1749/fast"
make: Warning: File 'Makefile' has modification time 0.38 s in the future
/usr/bin/make -f CMakeFiles/cmTC_f1749.dir/build.make CMakeFiles/cmTC_f1749.dir/build
make[1]: Entering directory '/users/student/mr108/ccchang19/tvm-yolov3/build/CMakeFiles/CMakeTmp'
make[1]: Warning: File 'CMakeFiles/cmTC_f1749.dir/flags.make' has modification time 0.38 s in the future
Building C object CMakeFiles/cmTC_f1749.dir/CheckSymbolExists.c.o
/usr/bin/cc   -fPIC    -o CMakeFiles/cmTC_f1749.dir/CheckSymbolExists.c.o   -c /users/student/mr108/ccchang19/tvm-yolov3/build/CMakeFiles/CMakeTmp/CheckSymbolExists.c
Linking C executable cmTC_f1749
/usr/bin/cmake -E cmake_link_script CMakeFiles/cmTC_f1749.dir/link.txt --verbose=1
/usr/bin/cc -fPIC     -rdynamic CMakeFiles/cmTC_f1749.dir/CheckSymbolExists.c.o  -o cmTC_f1749 
CMakeFiles/cmTC_f1749.dir/CheckSymbolExists.c.o: In function `main':
CheckSymbolExists.c:(.text+0x1b): undefined reference to `pthread_create'
collect2: error: ld returned 1 exit status
CMakeFiles/cmTC_f1749.dir/build.make:97: recipe for target 'cmTC_f1749' failed
make[1]: *** [cmTC_f1749] Error 1
make[1]: Leaving directory '/users/student/mr108/ccchang19/tvm-yolov3/build/CMakeFiles/CMakeTmp'
Makefile:126: recipe for target 'cmTC_f1749/fast' failed
make: *** [cmTC_f1749/fast] Error 2

File /users/student/mr108/ccchang19/tvm-yolov3/build/CMakeFiles/CMakeTmp/CheckSymbolExists.c:
/* */
#include <pthread.h>

int main(int argc, char** argv)
{
  (void)argv;
#ifndef pthread_create
  return ((int*)(&pthread_create))[argc];
#else
  (void)argc;
  return 0;
#endif
}

Determining if the function pthread_create exists in the pthreads failed with the following output:
Change Dir: /users/student/mr108/ccchang19/tvm-yolov3/build/CMakeFiles/CMakeTmp

Run Build Command:"/usr/bin/make" "cmTC_ee282/fast"
make: Warning: File 'Makefile' has modification time 0.38 s in the future
/usr/bin/make -f CMakeFiles/cmTC_ee282.dir/build.make CMakeFiles/cmTC_ee282.dir/build
make[1]: Entering directory '/users/student/mr108/ccchang19/tvm-yolov3/build/CMakeFiles/CMakeTmp'
make[1]: Warning: File 'CMakeFiles/cmTC_ee282.dir/flags.make' has modification time 0.38 s in the future
Building C object CMakeFiles/cmTC_ee282.dir/CheckFunctionExists.c.o
/usr/bin/cc   -fPIC -DCHECK_FUNCTION_EXISTS=pthread_create   -o CMakeFiles/cmTC_ee282.dir/CheckFunctionExists.c.o   -c /usr/share/cmake-3.10/Modules/CheckFunctionExists.c
Linking C executable cmTC_ee282
/usr/bin/cmake -E cmake_link_script CMakeFiles/cmTC_ee282.dir/link.txt --verbose=1
/usr/bin/cc -fPIC -DCHECK_FUNCTION_EXISTS=pthread_create    -rdynamic CMakeFiles/cmTC_ee282.dir/CheckFunctionExists.c.o  -o cmTC_ee282 -lpthreads 
/usr/bin/ld: cannot find -lpthreads
collect2: error: ld returned 1 exit status
CMakeFiles/cmTC_ee282.dir/build.make:97: recipe for target 'cmTC_ee282' failed
make[1]: *** [cmTC_ee282] Error 1
make[1]: Leaving directory '/users/student/mr108/ccchang19/tvm-yolov3/build/CMakeFiles/CMakeTmp'
Makefile:126: recipe for target 'cmTC_ee282/fast' failed
make: *** [cmTC_ee282/fast] Error 2


Determining if the CL_VERSION_2_2 exist failed with the following output:
Change Dir: /users/student/mr108/ccchang19/tvm-yolov3/build/CMakeFiles/CMakeTmp

Run Build Command:"/usr/bin/make" "cmTC_f2bfd/fast"
make: Warning: File 'Makefile' has modification time 0.39 s in the future
/usr/bin/make -f CMakeFiles/cmTC_f2bfd.dir/build.make CMakeFiles/cmTC_f2bfd.dir/build
make[1]: Entering directory '/users/student/mr108/ccchang19/tvm-yolov3/build/CMakeFiles/CMakeTmp'
make[1]: Warning: File 'CMakeFiles/cmTC_f2bfd.dir/flags.make' has modification time 0.38 s in the future
Building C object CMakeFiles/cmTC_f2bfd.dir/CheckSymbolExists.c.o
/usr/bin/cc   -O2 -Wall -fPIC     -o CMakeFiles/cmTC_f2bfd.dir/CheckSymbolExists.c.o   -c /users/student/mr108/ccchang19/tvm-yolov3/build/CMakeFiles/CMakeTmp/CheckSymbolExists.c
/users/student/mr108/ccchang19/tvm-yolov3/build/CMakeFiles/CMakeTmp/CheckSymbolExists.c:2:10: fatal error: OpenCL_INCLUDE_DIR-NOTFOUND/CL/cl.h: No such file or directory
 #include <OpenCL_INCLUDE_DIR-NOTFOUND/CL/cl.h>
          ^~~~~~~~~~~~~~~~~~~~~~~~~~~~~~~~~~~~~
compilation terminated.
CMakeFiles/cmTC_f2bfd.dir/build.make:65: recipe for target 'CMakeFiles/cmTC_f2bfd.dir/CheckSymbolExists.c.o' failed
make[1]: *** [CMakeFiles/cmTC_f2bfd.dir/CheckSymbolExists.c.o] Error 1
make[1]: Leaving directory '/users/student/mr108/ccchang19/tvm-yolov3/build/CMakeFiles/CMakeTmp'
Makefile:126: recipe for target 'cmTC_f2bfd/fast' failed
make: *** [cmTC_f2bfd/fast] Error 2

File /users/student/mr108/ccchang19/tvm-yolov3/build/CMakeFiles/CMakeTmp/CheckSymbolExists.c:
/* */
#include <OpenCL_INCLUDE_DIR-NOTFOUND/CL/cl.h>

int main(int argc, char** argv)
{
  (void)argv;
#ifndef CL_VERSION_2_2
  return ((int*)(&CL_VERSION_2_2))[argc];
#else
  (void)argc;
  return 0;
#endif
}

Determining if the CL_VERSION_2_1 exist failed with the following output:
Change Dir: /users/student/mr108/ccchang19/tvm-yolov3/build/CMakeFiles/CMakeTmp

Run Build Command:"/usr/bin/make" "cmTC_7562d/fast"
make: Warning: File 'Makefile' has modification time 0.39 s in the future
/usr/bin/make -f CMakeFiles/cmTC_7562d.dir/build.make CMakeFiles/cmTC_7562d.dir/build
make[1]: Entering directory '/users/student/mr108/ccchang19/tvm-yolov3/build/CMakeFiles/CMakeTmp'
make[1]: Warning: File 'CMakeFiles/cmTC_7562d.dir/flags.make' has modification time 0.38 s in the future
Building C object CMakeFiles/cmTC_7562d.dir/CheckSymbolExists.c.o
/usr/bin/cc   -O2 -Wall -fPIC     -o CMakeFiles/cmTC_7562d.dir/CheckSymbolExists.c.o   -c /users/student/mr108/ccchang19/tvm-yolov3/build/CMakeFiles/CMakeTmp/CheckSymbolExists.c
/users/student/mr108/ccchang19/tvm-yolov3/build/CMakeFiles/CMakeTmp/CheckSymbolExists.c:2:10: fatal error: OpenCL_INCLUDE_DIR-NOTFOUND/CL/cl.h: No such file or directory
 #include <OpenCL_INCLUDE_DIR-NOTFOUND/CL/cl.h>
          ^~~~~~~~~~~~~~~~~~~~~~~~~~~~~~~~~~~~~
compilation terminated.
CMakeFiles/cmTC_7562d.dir/build.make:65: recipe for target 'CMakeFiles/cmTC_7562d.dir/CheckSymbolExists.c.o' failed
make[1]: *** [CMakeFiles/cmTC_7562d.dir/CheckSymbolExists.c.o] Error 1
make[1]: Leaving directory '/users/student/mr108/ccchang19/tvm-yolov3/build/CMakeFiles/CMakeTmp'
Makefile:126: recipe for target 'cmTC_7562d/fast' failed
make: *** [cmTC_7562d/fast] Error 2

File /users/student/mr108/ccchang19/tvm-yolov3/build/CMakeFiles/CMakeTmp/CheckSymbolExists.c:
/* */
#include <OpenCL_INCLUDE_DIR-NOTFOUND/CL/cl.h>

int main(int argc, char** argv)
{
  (void)argv;
#ifndef CL_VERSION_2_1
  return ((int*)(&CL_VERSION_2_1))[argc];
#else
  (void)argc;
  return 0;
#endif
}

Determining if the CL_VERSION_2_0 exist failed with the following output:
Change Dir: /users/student/mr108/ccchang19/tvm-yolov3/build/CMakeFiles/CMakeTmp

Run Build Command:"/usr/bin/make" "cmTC_8446c/fast"
make: Warning: File 'Makefile' has modification time 0.39 s in the future
/usr/bin/make -f CMakeFiles/cmTC_8446c.dir/build.make CMakeFiles/cmTC_8446c.dir/build
make[1]: Entering directory '/users/student/mr108/ccchang19/tvm-yolov3/build/CMakeFiles/CMakeTmp'
make[1]: Warning: File 'CMakeFiles/cmTC_8446c.dir/flags.make' has modification time 0.38 s in the future
Building C object CMakeFiles/cmTC_8446c.dir/CheckSymbolExists.c.o
/usr/bin/cc   -O2 -Wall -fPIC     -o CMakeFiles/cmTC_8446c.dir/CheckSymbolExists.c.o   -c /users/student/mr108/ccchang19/tvm-yolov3/build/CMakeFiles/CMakeTmp/CheckSymbolExists.c
/users/student/mr108/ccchang19/tvm-yolov3/build/CMakeFiles/CMakeTmp/CheckSymbolExists.c:2:10: fatal error: OpenCL_INCLUDE_DIR-NOTFOUND/CL/cl.h: No such file or directory
 #include <OpenCL_INCLUDE_DIR-NOTFOUND/CL/cl.h>
          ^~~~~~~~~~~~~~~~~~~~~~~~~~~~~~~~~~~~~
compilation terminated.
CMakeFiles/cmTC_8446c.dir/build.make:65: recipe for target 'CMakeFiles/cmTC_8446c.dir/CheckSymbolExists.c.o' failed
make[1]: *** [CMakeFiles/cmTC_8446c.dir/CheckSymbolExists.c.o] Error 1
make[1]: Leaving directory '/users/student/mr108/ccchang19/tvm-yolov3/build/CMakeFiles/CMakeTmp'
Makefile:126: recipe for target 'cmTC_8446c/fast' failed
make: *** [cmTC_8446c/fast] Error 2

File /users/student/mr108/ccchang19/tvm-yolov3/build/CMakeFiles/CMakeTmp/CheckSymbolExists.c:
/* */
#include <OpenCL_INCLUDE_DIR-NOTFOUND/CL/cl.h>

int main(int argc, char** argv)
{
  (void)argv;
#ifndef CL_VERSION_2_0
  return ((int*)(&CL_VERSION_2_0))[argc];
#else
  (void)argc;
  return 0;
#endif
}

Determining if the CL_VERSION_1_2 exist failed with the following output:
Change Dir: /users/student/mr108/ccchang19/tvm-yolov3/build/CMakeFiles/CMakeTmp

Run Build Command:"/usr/bin/make" "cmTC_f3902/fast"
make: Warning: File 'Makefile' has modification time 0.39 s in the future
/usr/bin/make -f CMakeFiles/cmTC_f3902.dir/build.make CMakeFiles/cmTC_f3902.dir/build
make[1]: Entering directory '/users/student/mr108/ccchang19/tvm-yolov3/build/CMakeFiles/CMakeTmp'
make[1]: Warning: File 'CMakeFiles/cmTC_f3902.dir/flags.make' has modification time 0.38 s in the future
Building C object CMakeFiles/cmTC_f3902.dir/CheckSymbolExists.c.o
/usr/bin/cc   -O2 -Wall -fPIC     -o CMakeFiles/cmTC_f3902.dir/CheckSymbolExists.c.o   -c /users/student/mr108/ccchang19/tvm-yolov3/build/CMakeFiles/CMakeTmp/CheckSymbolExists.c
/users/student/mr108/ccchang19/tvm-yolov3/build/CMakeFiles/CMakeTmp/CheckSymbolExists.c:2:10: fatal error: OpenCL_INCLUDE_DIR-NOTFOUND/CL/cl.h: No such file or directory
 #include <OpenCL_INCLUDE_DIR-NOTFOUND/CL/cl.h>
          ^~~~~~~~~~~~~~~~~~~~~~~~~~~~~~~~~~~~~
compilation terminated.
CMakeFiles/cmTC_f3902.dir/build.make:65: recipe for target 'CMakeFiles/cmTC_f3902.dir/CheckSymbolExists.c.o' failed
make[1]: *** [CMakeFiles/cmTC_f3902.dir/CheckSymbolExists.c.o] Error 1
make[1]: Leaving directory '/users/student/mr108/ccchang19/tvm-yolov3/build/CMakeFiles/CMakeTmp'
Makefile:126: recipe for target 'cmTC_f3902/fast' failed
make: *** [cmTC_f3902/fast] Error 2

File /users/student/mr108/ccchang19/tvm-yolov3/build/CMakeFiles/CMakeTmp/CheckSymbolExists.c:
/* */
#include <OpenCL_INCLUDE_DIR-NOTFOUND/CL/cl.h>

int main(int argc, char** argv)
{
  (void)argv;
#ifndef CL_VERSION_1_2
  return ((int*)(&CL_VERSION_1_2))[argc];
#else
  (void)argc;
  return 0;
#endif
}

Determining if the CL_VERSION_1_1 exist failed with the following output:
Change Dir: /users/student/mr108/ccchang19/tvm-yolov3/build/CMakeFiles/CMakeTmp

Run Build Command:"/usr/bin/make" "cmTC_6bfe2/fast"
make: Warning: File 'Makefile' has modification time 0.38 s in the future
/usr/bin/make -f CMakeFiles/cmTC_6bfe2.dir/build.make CMakeFiles/cmTC_6bfe2.dir/build
make[1]: Entering directory '/users/student/mr108/ccchang19/tvm-yolov3/build/CMakeFiles/CMakeTmp'
make[1]: Warning: File 'CMakeFiles/cmTC_6bfe2.dir/flags.make' has modification time 0.38 s in the future
Building C object CMakeFiles/cmTC_6bfe2.dir/CheckSymbolExists.c.o
/usr/bin/cc   -O2 -Wall -fPIC     -o CMakeFiles/cmTC_6bfe2.dir/CheckSymbolExists.c.o   -c /users/student/mr108/ccchang19/tvm-yolov3/build/CMakeFiles/CMakeTmp/CheckSymbolExists.c
/users/student/mr108/ccchang19/tvm-yolov3/build/CMakeFiles/CMakeTmp/CheckSymbolExists.c:2:10: fatal error: OpenCL_INCLUDE_DIR-NOTFOUND/CL/cl.h: No such file or directory
 #include <OpenCL_INCLUDE_DIR-NOTFOUND/CL/cl.h>
          ^~~~~~~~~~~~~~~~~~~~~~~~~~~~~~~~~~~~~
compilation terminated.
CMakeFiles/cmTC_6bfe2.dir/build.make:65: recipe for target 'CMakeFiles/cmTC_6bfe2.dir/CheckSymbolExists.c.o' failed
make[1]: *** [CMakeFiles/cmTC_6bfe2.dir/CheckSymbolExists.c.o] Error 1
make[1]: Leaving directory '/users/student/mr108/ccchang19/tvm-yolov3/build/CMakeFiles/CMakeTmp'
Makefile:126: recipe for target 'cmTC_6bfe2/fast' failed
make: *** [cmTC_6bfe2/fast] Error 2

File /users/student/mr108/ccchang19/tvm-yolov3/build/CMakeFiles/CMakeTmp/CheckSymbolExists.c:
/* */
#include <OpenCL_INCLUDE_DIR-NOTFOUND/CL/cl.h>

int main(int argc, char** argv)
{
  (void)argv;
#ifndef CL_VERSION_1_1
  return ((int*)(&CL_VERSION_1_1))[argc];
#else
  (void)argc;
  return 0;
#endif
}

Determining if the CL_VERSION_1_0 exist failed with the following output:
Change Dir: /users/student/mr108/ccchang19/tvm-yolov3/build/CMakeFiles/CMakeTmp

Run Build Command:"/usr/bin/make" "cmTC_4cb6d/fast"
make: Warning: File 'Makefile' has modification time 0.38 s in the future
/usr/bin/make -f CMakeFiles/cmTC_4cb6d.dir/build.make CMakeFiles/cmTC_4cb6d.dir/build
make[1]: Entering directory '/users/student/mr108/ccchang19/tvm-yolov3/build/CMakeFiles/CMakeTmp'
make[1]: Warning: File 'CMakeFiles/cmTC_4cb6d.dir/flags.make' has modification time 0.38 s in the future
Building C object CMakeFiles/cmTC_4cb6d.dir/CheckSymbolExists.c.o
/usr/bin/cc   -O2 -Wall -fPIC     -o CMakeFiles/cmTC_4cb6d.dir/CheckSymbolExists.c.o   -c /users/student/mr108/ccchang19/tvm-yolov3/build/CMakeFiles/CMakeTmp/CheckSymbolExists.c
/users/student/mr108/ccchang19/tvm-yolov3/build/CMakeFiles/CMakeTmp/CheckSymbolExists.c:2:10: fatal error: OpenCL_INCLUDE_DIR-NOTFOUND/CL/cl.h: No such file or directory
 #include <OpenCL_INCLUDE_DIR-NOTFOUND/CL/cl.h>
          ^~~~~~~~~~~~~~~~~~~~~~~~~~~~~~~~~~~~~
compilation terminated.
CMakeFiles/cmTC_4cb6d.dir/build.make:65: recipe for target 'CMakeFiles/cmTC_4cb6d.dir/CheckSymbolExists.c.o' failed
make[1]: *** [CMakeFiles/cmTC_4cb6d.dir/CheckSymbolExists.c.o] Error 1
make[1]: Leaving directory '/users/student/mr108/ccchang19/tvm-yolov3/build/CMakeFiles/CMakeTmp'
Makefile:126: recipe for target 'cmTC_4cb6d/fast' failed
make: *** [cmTC_4cb6d/fast] Error 2

File /users/student/mr108/ccchang19/tvm-yolov3/build/CMakeFiles/CMakeTmp/CheckSymbolExists.c:
/* */
#include <OpenCL_INCLUDE_DIR-NOTFOUND/CL/cl.h>

int main(int argc, char** argv)
{
  (void)argv;
#ifndef CL_VERSION_1_0
  return ((int*)(&CL_VERSION_1_0))[argc];
#else
  (void)argc;
  return 0;
#endif
}

